<?xml version="1.0" encoding="UTF-8"?>
<!-- Generated by org.testng.reporters.JUnitReportReporter -->
<testsuite hostname="Akshay" failures="0" tests="1" name="com.opencart.testcases.LoginTest" time="1.293" errors="0" timestamp="2024-11-08T18:03:07 IST" skipped="0">
  <testcase classname="com.opencart.testcases.LoginTest" name="verifyLogin" time="1.293"/>
  <system-out/>
</testsuite> <!-- com.opencart.testcases.LoginTest -->
