<?xml version="1.0" encoding="UTF-8"?>
<!-- Generated by org.testng.reporters.JUnitReportReporter -->
<testsuite hostname="Akshay" failures="0" tests="5" name="com.opencart.testcases.LoginDataDrivenTest" time="6.215" errors="0" timestamp="2024-11-07T12:33:48 IST" skipped="0">
  <testcase classname="com.opencart.testcases.LoginDataDrivenTest" name="verifyLogin" time="1.773"/>
  <system-out/>
  <testcase classname="com.opencart.testcases.LoginDataDrivenTest" name="verifyLogin" time="1.455"/>
  <system-out/>
  <testcase classname="com.opencart.testcases.LoginDataDrivenTest" name="verifyLogin" time="1.130"/>
  <system-out/>
  <testcase classname="com.opencart.testcases.LoginDataDrivenTest" name="verifyLogin" time="0.943"/>
  <system-out/>
  <testcase classname="com.opencart.testcases.LoginDataDrivenTest" name="verifyLogin" time="0.914"/>
  <system-out/>
</testsuite> <!-- com.opencart.testcases.LoginDataDrivenTest -->
