<?xml version="1.0" encoding="UTF-8"?>
<!-- Generated by org.testng.reporters.JUnitReportReporter -->
<testsuite hostname="Akshay" failures="0" tests="2" name="com.opencart.testcases.ForgotPasswordTest" time="4.357" errors="0" timestamp="2024-11-08T18:03:07 IST" skipped="0">
  <testcase classname="com.opencart.testcases.ForgotPasswordTest" name="verifyForgetPasswordWithRegisteredEmailTest" time="2.591"/>
  <system-out/>
  <testcase classname="com.opencart.testcases.ForgotPasswordTest" name="verifyForgetPasswordWithNon_RegisteredEmailTest" time="1.766"/>
  <system-out/>
</testsuite> <!-- com.opencart.testcases.ForgotPasswordTest -->
