<?xml version="1.0" encoding="UTF-8"?>
<!-- Generated by org.testng.reporters.JUnitReportReporter -->
<testsuite hostname="Akshay" failures="0" tests="5" name="com.opencart.testcases.RegistrationTest" time="7.475" errors="0" timestamp="2024-11-07T12:33:48 IST" skipped="0">
  <testcase classname="com.opencart.testcases.RegistrationTest" name="verifyAccountRegistrationWithEmailId" time="2.440"/>
  <system-out/>
  <testcase classname="com.opencart.testcases.RegistrationTest" name="verifyAccountRegistration" time="1.505"/>
  <system-out/>
  <testcase classname="com.opencart.testcases.RegistrationTest" name="verifyPasswordMismatchErrorMessage" time="1.499"/>
  <system-out/>
  <testcase classname="com.opencart.testcases.RegistrationTest" name="verifyPrivacyPolicyNotSelectedErrorMessageTest" time="1.305"/>
  <system-out/>
  <testcase classname="com.opencart.testcases.RegistrationTest" name="verifyPrivacyPolicyPopupDisplayedTest" time="0.726"/>
  <system-out/>
</testsuite> <!-- com.opencart.testcases.RegistrationTest -->
