<?xml version="1.0" encoding="UTF-8"?>
<!-- Generated by org.testng.reporters.JUnitReportReporter -->
<testsuite hostname="Akshay" failures="0" tests="5" name="com.opencart.testcases.RegistrationTest" time="8.487" errors="0" timestamp="2024-11-08T18:03:07 IST" skipped="0">
  <testcase classname="com.opencart.testcases.RegistrationTest" name="verifyAccountRegistrationWithEmailId" time="2.811"/>
  <system-out/>
  <testcase classname="com.opencart.testcases.RegistrationTest" name="verifyAccountRegistration" time="1.789"/>
  <system-out/>
  <testcase classname="com.opencart.testcases.RegistrationTest" name="verifyPasswordMismatchErrorMessage" time="1.401"/>
  <system-out/>
  <testcase classname="com.opencart.testcases.RegistrationTest" name="verifyPrivacyPolicyNotSelectedErrorMessageTest" time="1.710"/>
  <system-out/>
  <testcase classname="com.opencart.testcases.RegistrationTest" name="verifyPrivacyPolicyPopupDisplayedTest" time="0.776"/>
  <system-out/>
</testsuite> <!-- com.opencart.testcases.RegistrationTest -->
