<?xml version="1.0" encoding="UTF-8"?>
<!-- Generated by org.testng.reporters.JUnitReportReporter -->
<testsuite hostname="Akshay" failures="0" tests="1" name="com.opencart.utils.DataProviders" time="1.244" errors="0" timestamp="2024-10-15T19:45:41 IST" skipped="0">
  <testcase classname="com.opencart.utils.DataProviders" name="testPrintLoginData" time="1.244"/>
  <system-out/>
</testsuite> <!-- com.opencart.utils.DataProviders -->
