<?xml version="1.0" encoding="UTF-8"?>
<!-- Generated by org.testng.reporters.JUnitReportReporter -->
<testsuite hostname="Akshay" failures="0" tests="1" name="com.opencart.testcases.LoginTest" time="1.190" errors="0" timestamp="2024-11-07T12:33:48 IST" skipped="0">
  <testcase classname="com.opencart.testcases.LoginTest" name="verifyLogin" time="1.190"/>
  <system-out/>
</testsuite> <!-- com.opencart.testcases.LoginTest -->
