<?xml version="1.0" encoding="UTF-8"?>
<!-- Generated by org.testng.reporters.JUnitReportReporter -->
<testsuite hostname="Akshay" failures="0" tests="5" name="com.opencart.testcases.MyAccountTest" time="2.647" errors="0" timestamp="2024-11-07T12:33:48 IST" skipped="0">
  <testcase classname="com.opencart.testcases.MyAccountTest" name="verifyMyAccountHeaderList" time="0.116"/>
  <system-out/>
  <testcase classname="com.opencart.testcases.MyAccountTest" name="verifyMyAccountMenuOptionTest" time="0.295"/>
  <system-out/>
  <testcase classname="com.opencart.testcases.MyAccountTest" name="performProductSearchTest" time="0.691"/>
  <system-out/>
  <testcase classname="com.opencart.testcases.MyAccountTest" name="performProductSearchTest" time="0.713"/>
  <system-out/>
  <testcase classname="com.opencart.testcases.MyAccountTest" name="performProductSearchTest" time="0.832"/>
  <system-out/>
</testsuite> <!-- com.opencart.testcases.MyAccountTest -->
