<?xml version="1.0" encoding="UTF-8"?>
<!-- Generated by org.testng.reporters.JUnitReportReporter -->
<testsuite hostname="Akshay" failures="0" tests="2" name="com.opencart.testcases.ForgotPasswordTest" time="3.569" errors="0" timestamp="2024-11-07T12:33:48 IST" skipped="0">
  <testcase classname="com.opencart.testcases.ForgotPasswordTest" name="verifyForgetPasswordWithRegisteredEmailTest" time="2.100"/>
  <system-out/>
  <testcase classname="com.opencart.testcases.ForgotPasswordTest" name="verifyForgetPasswordWithNon_RegisteredEmailTest" time="1.469"/>
  <system-out/>
</testsuite> <!-- com.opencart.testcases.ForgotPasswordTest -->
