<?xml version="1.0" encoding="UTF-8"?>
<!-- Generated by org.testng.reporters.JUnitReportReporter -->
<testsuite hostname="Akshay" failures="0" tests="1" name="com.opencart.utils.DataUtils" time="0.010" errors="0" timestamp="2024-10-14T12:51:23 IST" skipped="0">
  <testcase classname="com.opencart.utils.DataUtils" name="testNumber" time="0.010"/>
  <system-out/>
</testsuite> <!-- com.opencart.utils.DataUtils -->
