<?xml version="1.0" encoding="UTF-8"?>
<!-- Generated by org.testng.reporters.JUnitReportReporter -->
<testsuite hostname="Akshay" failures="0" tests="3" name="com.opencart.testcases.HomePageTest" time="0.821" errors="0" timestamp="2024-11-08T18:03:07 IST" skipped="0">
  <testcase classname="com.opencart.testcases.HomePageTest" name="verifyOpenCartLogoTest" time="0.092"/>
  <system-out/>
  <testcase classname="com.opencart.testcases.HomePageTest" name="verifyFeaturedCardsCountTest" time="0.028"/>
  <system-out/>
  <testcase classname="com.opencart.testcases.HomePageTest" name="navigateToRegistrationPageTest" time="0.701"/>
  <system-out/>
</testsuite> <!-- com.opencart.testcases.HomePageTest -->
