<?xml version="1.0" encoding="UTF-8"?>
<!-- Generated by org.testng.reporters.JUnitReportReporter -->
<testsuite hostname="Akshay" failures="0" tests="1" name="com.opencart.testcases.LoginTest" time="1.127" errors="0" timestamp="2024-11-07T12:36:42 IST" skipped="0">
  <testcase classname="com.opencart.testcases.LoginTest" name="verifyLogin" time="1.127"/>
</testsuite> <!-- com.opencart.testcases.LoginTest -->
