<?xml version="1.0" encoding="UTF-8"?>
<!-- Generated by org.testng.reporters.JUnitReportReporter -->
<testsuite hostname="Akshay" failures="0" tests="3" name="com.opencart.testcases.HomePageTest" time="0.705" errors="0" timestamp="2024-11-07T12:36:42 IST" skipped="0">
  <testcase classname="com.opencart.testcases.HomePageTest" name="verifyOpenCartLogoTest" time="0.092"/>
  <testcase classname="com.opencart.testcases.HomePageTest" name="verifyFeaturedCardsCountTest" time="0.021"/>
  <testcase classname="com.opencart.testcases.HomePageTest" name="navigateToRegistrationPageTest" time="0.592"/>
</testsuite> <!-- com.opencart.testcases.HomePageTest -->
